Arguments: 
  /usr/bin/node /usr/local/bin/yarn install

PATH: 
  /home/augusto/.rbenv/plugins/ruby-build/bin:/home/augusto/.rbenv/shims:/home/augusto/.rbenv/bin:/home/augusto/.rbenv/plugins/ruby-build/bin:/home/augusto/.rbenv/shims:/home/augusto/.rbenv/bin:/usr/local/sbin:/usr/local/bin:/usr/sbin:/usr/bin:/sbin:/bin:/usr/games:/usr/local/games:/snap/bin

Yarn version: 
  1.22.11

Node version: 
  10.19.0

Platform: 
  linux x64

Trace: 
  Error: https://registry.yarnpkg.com/flot.orderbars: Not found
      at Request.params.callback [as _callback] (/usr/local/lib/node_modules/yarn/lib/cli.js:66992:18)
      at Request.self.callback (/usr/local/lib/node_modules/yarn/lib/cli.js:140763:22)
      at Request.emit (events.js:198:13)
      at Request.<anonymous> (/usr/local/lib/node_modules/yarn/lib/cli.js:141735:10)
      at Request.emit (events.js:198:13)
      at IncomingMessage.<anonymous> (/usr/local/lib/node_modules/yarn/lib/cli.js:141657:12)
      at Object.onceWrapper (events.js:286:20)
      at IncomingMessage.emit (events.js:203:15)
      at endReadableNT (_stream_readable.js:1145:12)
      at process._tickCallback (internal/process/next_tick.js:63:19)

npm manifest: 
  {
    "name": "final",
    "private": true,
    "dependencies": {
      "@fortawesome/fontawesome-free": "5.15.3",
      "@popperjs/core": "^2.9.3",
      "bootstrap": "^5.1.0",
      "bootstrap-growl-ifightcrime": "^1.1.0",
      "chart.js": "2.9.4",
      "datatables.net-bs4": "1.10.24",
      "fastclick": "1.0.6",
      "jquery": "3.6.0",
      "jquery.easing": "^1.4.1",
      "malihu-custom-scrollbar-plugin": "3.1.3",
      "nprogress": "0.2.0",
      "yarn": "^1.22.11",
      "font-awesome": "fontawesome#^4.6.1",
      "gauge.js": "gauge.js#^1.2.1",
      "bootstrap-progressbar": "^0.9.0",
      "bootstrap-daterangepicker": "git@github.com:dangrossman/daterangepicker.git#master",
      "skycons": "https://github.com/darkskyapp/skycons.git",
      "jquery-sparkline": "^2.1.3",
      "morris.js": "^0.5.1",
      "bootstrap-wysiwyg": "bootstrap-wysiwyg-steveathon#^1.0.5",
      "switchery": "^0.8.1",
      "select2": "^4.0.2",
      "autosize": "^3.0.15",
      "parsleyjs": "^2.3.10",
      "devbridge-autocomplete": "^1.2.24",
      "normalize-css": "^4.1.1",
      "jquery.inputmask": "^3.3.1",
      "jquery-knob": "^1.2.13",
      "cropper": "^2.3.0",
      "validator": "https://github.com/yairEO/validator.git#^3.3.5",
      "dropzone": "^4.3.0",
      "pnotify": "^3.0.0",
      "fullcalendar": "^2.6.1",
      "starrr": "^2.0.0",
      "datatables.net": "^1.10.11",
      "datatables.net-bs": "^1.10.11",
      "datatables.net-buttons": "^1.1.2",
      "datatables.net-buttons-bs": "^1.1.2",
      "datatables.net-fixedheader": "^3.1.1",
      "datatables.net-fixedheader-bs": "^3.1.1",
      "datatables.net-keytable": "^2.1.1",
      "datatables.net-responsive": "^2.0.2",
      "datatables.net-responsive-bs": "^2.0.2",
      "datatables.net-scroller": "^1.4.1",
      "datatables.net-scroller-bs": "^1.4.1",
      "pdfmake": "^0.1.20",
      "jszip": "Stuk/jszip#v2.6.0",
      "echarts": "^3.1.7",
      "animate.css": "^3.5.1",
      "jqvmap": "https://github.com/christianesperar/jqvmap.git#master",
      "flot.curvedlines": "^1.1.1",
      "flot.orderbars": "*",
      "flot-spline": "^0.8.2"
    },
    "version": "1.0.0",
    "main": "index.js",
    "license": "MIT"
  }

yarn manifest: 
  No manifest

Lockfile: 
  # THIS IS AN AUTOGENERATED FILE. DO NOT EDIT THIS FILE DIRECTLY.
  # yarn lockfile v1
  
  
  "@fortawesome/fontawesome-free@5.15.3":
    version "5.15.3"
    resolved "https://registry.yarnpkg.com/@fortawesome/fontawesome-free/-/fontawesome-free-5.15.3.tgz#c36ffa64a2a239bf948541a97b6ae8d729e09a9a"
    integrity sha512-rFnSUN/QOtnOAgqFRooTA3H57JLDm0QEG/jPdk+tLQNL/eWd+Aok8g3qCI+Q1xuDPWpGW/i9JySpJVsq8Q0s9w==
  
  "@popperjs/core@^2.9.3":
    version "2.9.3"
    resolved "https://registry.yarnpkg.com/@popperjs/core/-/core-2.9.3.tgz#8b68da1ebd7fc603999cf6ebee34a4899a14b88e"
    integrity sha512-xDu17cEfh7Kid/d95kB6tZsLOmSWKCZKtprnhVepjsSaCij+lM3mItSJDuuHDMbCWTh8Ejmebwb+KONcCJ0eXQ==
  
  bootstrap-growl-ifightcrime@^1.1.0:
    version "1.1.0"
    resolved "https://registry.yarnpkg.com/bootstrap-growl-ifightcrime/-/bootstrap-growl-ifightcrime-1.1.0.tgz#3f83c12bd29281315580a05ec13841d60031539e"
    integrity sha1-P4PBK9KSgTFVgKBewThB1gAxU54=
  
  bootstrap@^5.1.0:
    version "5.1.0"
    resolved "https://registry.yarnpkg.com/bootstrap/-/bootstrap-5.1.0.tgz#543ef8f44f4b9af67b0230f19508542fec38ef55"
    integrity sha512-bs74WNI9BgBo3cEovmdMHikSKoXnDgA6VQjJ7TyTotU6L7d41ZyCEEelPwkYEzsG/Zjv3ie9IE3EMAje0W9Xew==
  
  chart.js@2.9.4:
    version "2.9.4"
    resolved "https://registry.yarnpkg.com/chart.js/-/chart.js-2.9.4.tgz#0827f9563faffb2dc5c06562f8eb10337d5b9684"
    integrity sha512-B07aAzxcrikjAPyV+01j7BmOpxtQETxTSlQ26BEYJ+3iUkbNKaOJ/nDbT6JjyqYxseM0ON12COHYdU2cTIjC7A==
    dependencies:
      chartjs-color "^2.1.0"
      moment "^2.10.2"
  
  chartjs-color-string@^0.6.0:
    version "0.6.0"
    resolved "https://registry.yarnpkg.com/chartjs-color-string/-/chartjs-color-string-0.6.0.tgz#1df096621c0e70720a64f4135ea171d051402f71"
    integrity sha512-TIB5OKn1hPJvO7JcteW4WY/63v6KwEdt6udfnDE9iCAZgy+V4SrbSxoIbTw/xkUIapjEI4ExGtD0+6D3KyFd7A==
    dependencies:
      color-name "^1.0.0"
  
  chartjs-color@^2.1.0:
    version "2.4.1"
    resolved "https://registry.yarnpkg.com/chartjs-color/-/chartjs-color-2.4.1.tgz#6118bba202fe1ea79dd7f7c0f9da93467296c3b0"
    integrity sha512-haqOg1+Yebys/Ts/9bLo/BqUcONQOdr/hoEr2LLTRl6C5LXctUdHxsCYfvQVg5JIxITrfCNUDr4ntqmQk9+/0w==
    dependencies:
      chartjs-color-string "^0.6.0"
      color-convert "^1.9.3"
  
  color-convert@^1.9.3:
    version "1.9.3"
    resolved "https://registry.yarnpkg.com/color-convert/-/color-convert-1.9.3.tgz#bb71850690e1f136567de629d2d5471deda4c1e8"
    integrity sha512-QfAUtd+vFdAtFQcC8CCyYt1fYWxSqAiK2cSD6zDB8N3cpsEBAvRxp9zOGg6G/SHHJYAT88/az/IuDGALsNVbGg==
    dependencies:
      color-name "1.1.3"
  
  color-name@1.1.3:
    version "1.1.3"
    resolved "https://registry.yarnpkg.com/color-name/-/color-name-1.1.3.tgz#a7d0558bd89c42f795dd42328f740831ca53bc25"
    integrity sha1-p9BVi9icQveV3UIyj3QIMcpTvCU=
  
  color-name@^1.0.0:
    version "1.1.4"
    resolved "https://registry.yarnpkg.com/color-name/-/color-name-1.1.4.tgz#c2a09a87acbde69543de6f63fa3995c826c536a2"
    integrity sha512-dOy+3AuW3a2wNbZHIuMZpTcgjGuLU/uBL/ubcZF9OXbDo8ff4O8yVp5Bf0efS8uEoYo5q4Fx7dY9OgQGXgAsQA==
  
  datatables.net-bs4@1.10.24:
    version "1.10.24"
    resolved "https://registry.yarnpkg.com/datatables.net-bs4/-/datatables.net-bs4-1.10.24.tgz#4b2ca1717e6dc06fd5b53a20015151f381473eb3"
    integrity sha512-NgjQMqCo5pg49c5TWsc78UYhcvWPAFkZ7qH4yKAb1e0eLNCAo+TLeaIsDiAPpcWwP7xpjdAmZIIbXDpspNTCkg==
    dependencies:
      datatables.net "1.10.24"
      jquery ">=1.7"
  
  datatables.net@1.10.24:
    version "1.10.24"
    resolved "https://registry.yarnpkg.com/datatables.net/-/datatables.net-1.10.24.tgz#370e02f1e201de8334fdc92e7515c1624191573c"
    integrity sha512-CwXixvOdinvBCLXvcTloDinWiEM7Geaz+GwyjPrZL+MXIGPcLv4Op1bbWn8ErsI1JWMIWC8Cuf1rnDU2RrFV5w==
    dependencies:
      jquery ">=1.7"
  
  fastclick@1.0.6:
    version "1.0.6"
    resolved "https://registry.yarnpkg.com/fastclick/-/fastclick-1.0.6.tgz#161625b27b1a5806405936bda9a2c1926d06be6a"
    integrity sha1-FhYlsnsaWAZAWTa9qaLBkm0Gvmo=
  
  jquery-mousewheel@>=3.0.6:
    version "3.1.13"
    resolved "https://registry.yarnpkg.com/jquery-mousewheel/-/jquery-mousewheel-3.1.13.tgz#06f0335f16e353a695e7206bf50503cb523a6ee5"
    integrity sha1-BvAzXxbjU6aV5yBr9QUDy1I6buU=
  
  jquery.easing@^1.4.1:
    version "1.4.1"
    resolved "https://registry.yarnpkg.com/jquery.easing/-/jquery.easing-1.4.1.tgz#47982c5836bd758fd48494923c4a101ef6e93e3b"
    integrity sha1-R5gsWDa9dY/UhJSSPEoQHvbpPjs=
  
  jquery@3.6.0, jquery@>=1.7:
    version "3.6.0"
    resolved "https://registry.yarnpkg.com/jquery/-/jquery-3.6.0.tgz#c72a09f15c1bdce142f49dbf1170bdf8adac2470"
    integrity sha512-JVzAR/AjBvVt2BmYhxRCSYysDsPcssdmTFnzyLEts9qNwmjmu4JTAMYubEfwVOSwpQ1I1sKKFcxhZCI2buerfw==
  
  malihu-custom-scrollbar-plugin@3.1.3:
    version "3.1.3"
    resolved "https://registry.yarnpkg.com/malihu-custom-scrollbar-plugin/-/malihu-custom-scrollbar-plugin-3.1.3.tgz#2ec26d51df223c251e586fc6662702953bf026f1"
    integrity sha1-LsJtUd8iPCUeWG/GZicClTvwJvE=
    dependencies:
      jquery-mousewheel ">=3.0.6"
  
  moment@^2.10.2:
    version "2.29.1"
    resolved "https://registry.yarnpkg.com/moment/-/moment-2.29.1.tgz#b2be769fa31940be9eeea6469c075e35006fa3d3"
    integrity sha512-kHmoybcPV8Sqy59DwNDY3Jefr64lK/by/da0ViFcuA4DH0vQg5Q6Ze5VimxkfQNSC+Mls/Kx53s7TjP1RhFEDQ==
  
  nprogress@0.2.0:
    version "0.2.0"
    resolved "https://registry.yarnpkg.com/nprogress/-/nprogress-0.2.0.tgz#cb8f34c53213d895723fcbab907e9422adbcafb1"
    integrity sha1-y480xTIT2JVyP8urkH6UIq28r7E=
  
  yarn@^1.22.11:
    version "1.22.11"
    resolved "https://registry.yarnpkg.com/yarn/-/yarn-1.22.11.tgz#d0104043e7349046e0e2aec977c24be106925ed6"
    integrity sha512-AWje4bzqO9RUn3sdnM5N8n4ZJ0BqCc/kqFJvpOI5/EVkINXui0yuvU7NDCEF//+WaxHuNay2uOHxA4+tq1P3cg==
